[Mon, 13 Aug 2012 05:44:20 GMT] INFO Server starting with config: {
  "environment": "production",
  "workers": 2,
  "port": "5000",
  "debug": false,
  "rotateWorkers": true,
  "rotationWindow": 7200000,
  "rotationTimeout": 300000,
  "logDir": "/Users/babrah/node/psb/log",
  "gracefulShutdownTimeout": 30000,
  "heartbeatInterval": 5000,
  "heartbeatWindow": 20000,
  "staticFilePath": "/Users/babrah/node/psb/public",
  "sessions": {
    "store": "memory",
    "key": "sid",
    "expiry": 1209600
  },
  "cookieSessionKey": "sdata",
  "metrics": null,
  "i18n": {
    "defaultLocale": "en-us",
    "loadPaths": [
      "/Users/babrah/node/psb/config/locales"
    ]
  },
  "ssl": null,
  "model": {
    "useTimestamps": false,
    "forceCamel": true
  },
  "hostname": null,
  "db": {
    "mongo": {
      "db": "todos"
    }
  },
  "detailedErrors": false
}
[Mon, 13 Aug 2012 05:44:20 GMT] INFO Creating 2 worker processes.
[Mon, 13 Aug 2012 05:44:20 GMT] INFO Server worker running in production on port 5000 with a PID of: 814
[Mon, 13 Aug 2012 05:44:20 GMT] INFO Server worker running in production on port 5000 with a PID of: 815
